<?xml version="1.0" encoding="UTF-8"?>
<testng-results ignored="2" total="3" passed="1" failed="0" skipped="0">
  <reporter-output>
  </reporter-output>
  <suite started-at="2024-08-30T15:06:39 IST" name="Suite" finished-at="2024-08-30T15:06:59 IST" duration-ms="20208">
    <groups>
      <group name="smokeTest">
        <method signature="MultipleContactTest.createContactTest()[pri:0, instance:com.comcast.crm.multiplecontacttest.MultipleContactTest@ea6147e]" name="createContactTest" class="com.comcast.crm.multiplecontacttest.MultipleContactTest"/>
      </group> <!-- smokeTest -->
    </groups>
    <test started-at="2024-08-30T15:06:39 IST" name="Test" finished-at="2024-08-30T15:06:59 IST" duration-ms="20208">
      <class name="com.comcast.crm.multiplecontacttest.MultipleContactTest">
        <test-method is-config="true" signature="configBS()[pri:0, instance:com.comcast.crm.multiplecontacttest.MultipleContactTest@ea6147e]" started-at="2024-08-30T15:06:39 IST" name="configBS" finished-at="2024-08-30T15:06:39 IST" duration-ms="50" status="PASS">
          <reporter-output>
          </reporter-output>
        </test-method> <!-- configBS -->
        <test-method is-config="true" signature="configBC()[pri:0, instance:com.comcast.crm.multiplecontacttest.MultipleContactTest@ea6147e]" started-at="2024-08-30T15:06:39 IST" name="configBC" finished-at="2024-08-30T15:06:42 IST" duration-ms="2695" status="PASS">
          <reporter-output>
          </reporter-output>
        </test-method> <!-- configBC -->
        <test-method is-config="true" signature="configBM()[pri:0, instance:com.comcast.crm.multiplecontacttest.MultipleContactTest@ea6147e]" started-at="2024-08-30T15:06:42 IST" name="configBM" finished-at="2024-08-30T15:06:45 IST" duration-ms="3369" status="PASS">
          <reporter-output>
          </reporter-output>
        </test-method> <!-- configBM -->
        <test-method signature="createContactTest()[pri:0, instance:com.comcast.crm.multiplecontacttest.MultipleContactTest@ea6147e]" started-at="2024-08-30T15:06:45 IST" name="createContactTest" finished-at="2024-08-30T15:06:57 IST" duration-ms="11608" status="PASS">
          <reporter-output>
          </reporter-output>
        </test-method> <!-- createContactTest -->
        <test-method is-config="true" signature="configAM()[pri:0, instance:com.comcast.crm.multiplecontacttest.MultipleContactTest@ea6147e]" started-at="2024-08-30T15:06:57 IST" name="configAM" finished-at="2024-08-30T15:06:58 IST" duration-ms="1459" status="PASS">
          <reporter-output>
          </reporter-output>
        </test-method> <!-- configAM -->
        <test-method is-config="true" signature="configAC()[pri:0, instance:com.comcast.crm.multiplecontacttest.MultipleContactTest@ea6147e]" started-at="2024-08-30T15:06:58 IST" name="configAC" finished-at="2024-08-30T15:06:59 IST" duration-ms="1048" status="PASS">
          <reporter-output>
          </reporter-output>
        </test-method> <!-- configAC -->
        <test-method is-config="true" signature="configAS()[pri:0, instance:com.comcast.crm.multiplecontacttest.MultipleContactTest@ea6147e]" started-at="2024-08-30T15:07:00 IST" name="configAS" finished-at="2024-08-30T15:07:00 IST" duration-ms="0" status="PASS">
          <reporter-output>
          </reporter-output>
        </test-method> <!-- configAS -->
      </class> <!-- com.comcast.crm.multiplecontacttest.MultipleContactTest -->
    </test> <!-- Test -->
  </suite> <!-- Suite -->
</testng-results>
