<?xml version="1.0" encoding="UTF-8"?>
<testng-results ignored="2" total="3" passed="1" failed="0" skipped="0">
  <reporter-output>
  </reporter-output>
  <suite started-at="2024-08-22T05:44:25Z" name="Default suite" finished-at="2024-08-22T05:44:42Z" duration-ms="16706">
    <groups>
      <group name="smokeTest">
        <method signature="MultipleOrganizationTest.createOrganizationTest()[pri:0, instance:com.comcast.crm.multipleorgtest.MultipleOrganizationTest@1fc32e4f]" name="createOrganizationTest" class="com.comcast.crm.multipleorgtest.MultipleOrganizationTest"/>
      </group> <!-- smokeTest -->
    </groups>
    <test started-at="2024-08-22T05:44:25Z" name="Default test" finished-at="2024-08-22T05:44:42Z" duration-ms="16706">
      <class name="com.comcast.crm.multipleorgtest.MultipleOrganizationTest">
        <test-method is-config="true" signature="configBS()[pri:0, instance:com.comcast.crm.multipleorgtest.MultipleOrganizationTest@1fc32e4f]" started-at="2024-08-22T05:44:25Z" name="configBS" finished-at="2024-08-22T05:44:25Z" duration-ms="65" status="PASS">
          <reporter-output>
          </reporter-output>
        </test-method> <!-- configBS -->
        <test-method is-config="true" signature="configBC()[pri:0, instance:com.comcast.crm.multipleorgtest.MultipleOrganizationTest@1fc32e4f]" started-at="2024-08-22T05:44:25Z" name="configBC" finished-at="2024-08-22T05:44:27Z" duration-ms="2156" status="PASS">
          <reporter-output>
          </reporter-output>
        </test-method> <!-- configBC -->
        <test-method is-config="true" signature="configBM()[pri:0, instance:com.comcast.crm.multipleorgtest.MultipleOrganizationTest@1fc32e4f]" started-at="2024-08-22T05:44:27Z" name="configBM" finished-at="2024-08-22T05:44:31Z" duration-ms="3351" status="PASS">
          <reporter-output>
          </reporter-output>
        </test-method> <!-- configBM -->
        <test-method signature="createOrganizationTest()[pri:0, instance:com.comcast.crm.multipleorgtest.MultipleOrganizationTest@1fc32e4f]" started-at="2024-08-22T05:44:31Z" name="createOrganizationTest" finished-at="2024-08-22T05:44:40Z" duration-ms="9506" status="PASS">
          <reporter-output>
          </reporter-output>
        </test-method> <!-- createOrganizationTest -->
        <test-method is-config="true" signature="configAM()[pri:0, instance:com.comcast.crm.multipleorgtest.MultipleOrganizationTest@1fc32e4f]" started-at="2024-08-22T05:44:40Z" name="configAM" finished-at="2024-08-22T05:44:42Z" duration-ms="1411" status="PASS">
          <reporter-output>
          </reporter-output>
        </test-method> <!-- configAM -->
        <test-method is-config="true" signature="configAC()[pri:0, instance:com.comcast.crm.multipleorgtest.MultipleOrganizationTest@1fc32e4f]" started-at="2024-08-22T05:44:42Z" name="configAC" finished-at="2024-08-22T05:44:42Z" duration-ms="253" status="PASS">
          <reporter-output>
          </reporter-output>
        </test-method> <!-- configAC -->
        <test-method is-config="true" signature="configAS()[pri:0, instance:com.comcast.crm.multipleorgtest.MultipleOrganizationTest@1fc32e4f]" started-at="2024-08-22T05:44:42Z" name="configAS" finished-at="2024-08-22T05:44:42Z" duration-ms="0" status="PASS">
          <reporter-output>
          </reporter-output>
        </test-method> <!-- configAS -->
      </class> <!-- com.comcast.crm.multipleorgtest.MultipleOrganizationTest -->
    </test> <!-- Default test -->
  </suite> <!-- Default suite -->
</testng-results>
