<?xml version="1.0" encoding="UTF-8"?>
<!-- Generated by org.testng.reporters.JUnitXMLReporter -->
<testsuite ignored="2" hostname="LAPTOP-AG5AQ5SQ" failures="0" tests="1" name="Default test" time="16.706" errors="0" timestamp="22 Aug 2024 05:44:42 GMT">
  <testcase classname="com.comcast.crm.multipleorgtest.MultipleOrganizationTest" name="createOrganizationTest" time="9.506"/>
  <testcase classname="com.comcast.crm.multipleorgtest.MultipleOrganizationTest" name="createOrganizationWithIndustriesTest" time="0.0">
    <ignored/>
  </testcase> <!-- createOrganizationWithIndustriesTest -->
  <testcase classname="com.comcast.crm.multipleorgtest.MultipleOrganizationTest" name="deleteOraganizationTest" time="0.0">
    <ignored/>
  </testcase> <!-- deleteOraganizationTest -->
</testsuite> <!-- Default test -->
