<?xml version="1.0" encoding="UTF-8"?>
<!-- Generated by org.testng.reporters.JUnitXMLReporter -->
<testsuite ignored="2" hostname="LAPTOP-AG5AQ5SQ" failures="0" tests="1" name="Test" time="19.361" errors="0" timestamp="20 Aug 2024 05:39:24 GMT">
  <testcase classname="com.comcast.crm.multiplecontacttest.MultipleContactTest" name="createContactTest" time="11.444"/>
  <testcase classname="com.comcast.crm.multiplecontacttest.MultipleContactTest" name="createContactWithSupportDateTest" time="0.0">
    <ignored/>
  </testcase> <!-- createContactWithSupportDateTest -->
  <testcase classname="com.comcast.crm.multiplecontacttest.MultipleContactTest" name="createContactWithOrgTest" time="0.0">
    <ignored/>
  </testcase> <!-- createContactWithOrgTest -->
</testsuite> <!-- Test -->
