<?xml version="1.0" encoding="UTF-8"?>
<!-- Generated by org.testng.reporters.JUnitXMLReporter -->
<testsuite ignored="0" hostname="LAPTOP-AG5AQ5SQ" failures="0" tests="3" name="Test1" time="63.563" errors="0" timestamp="12 Aug 2024 06:12:28 GMT">
  <testcase classname="com.comcast.crm.multipleorgtest.MultipleOrganizationTest" name="createOrganizationTest" time="11.297"/>
  <testcase classname="com.comcast.crm.multipleorgtest.MultipleOrganizationTest" name="createOrganizationWithIndustriesTest" time="11.013"/>
  <testcase classname="com.comcast.crm.multipleorgtest.MultipleOrganizationTest" name="deleteOraganizationTest" time="17.888"/>
</testsuite> <!-- Test1 -->
